<?xml version="1.0" encoding="utf-8"?><testsuites name="pytest tests"><testsuite name="pytest" errors="0" failures="0" skipped="0" tests="3" time="2.997" timestamp="2026-08-31T22:40:35.391028+00:00" hostname="agent-env-00b532fe-94af-4670-a3bb-6ddb8e35af9f"><testcase classname="tests.test_regression" name="test_root_and_auth" time="0.865" /><testcase classname="tests.test_regression" name="test_candidate_jobs_profile_and_application" time="1.368" /><testcase classname="tests.test_regression" name="test_recruiter_listing_and_ranking" time="0.377" /></testsuite></testsuites>