<?xml version="1.0" encoding="utf-8"?><testsuites name="pytest tests"><testsuite name="pytest" errors="0" failures="1" skipped="0" tests="20" time="7.357" timestamp="2026-08-31T23:28:25.533743+00:00" hostname="agent-env-00b532fe-94af-4670-a3bb-6ddb8e35af9f"><testcase classname="tests.test_vagasplus.TestAuth" name="test_root" time="1.675" /><testcase classname="tests.test_vagasplus.TestAuth" name="test_register_weak_password" time="0.222" /><testcase classname="tests.test_vagasplus.TestAuth" name="test_register_strong_and_login" time="0.293"><failure message="AssertionError: assert ('token' in {'token': 'eyJhbGciOiJIUzI1NiIsInR5cCI6IkpXVCJ9.eyJzdWIiOiI2NzRmNGJjYi0yNzBkLTQzNDAtYTYwMS0wNWM4OWZiYTVhNTkiLCJyb2xlIjoiY2FuZGlkYXRlIiwiaWF0IjoxNzg4MjE4OTA3LCJleHAiOjE3ODg4MjM3MDd9._0l4XOpsS6QXqm1a3JyB7gXeLgfjbfms5iTT-69IAVU', 'user': {'id': '674f4bcb-270d-4340-a601-05c89fba5a59', 'email': 'test_strong_55b0a1b5@example.com', 'role': 'candidate', 'profile': {'name': ''}}} and 'test_strong_...5@example.com' == 'TEST_strong_...5@example.com'&#10; +  where {'token': 'eyJhbGciOiJIUzI1NiIsInR5cCI6IkpXVCJ9.eyJzdWIiOiI2NzRmNGJjYi0yNzBkLTQzNDAtYTYwMS0wNWM4OWZiYTVhNTkiLCJyb2xlIjoiY2FuZGlkYXRlIiwiaWF0IjoxNzg4MjE4OTA3LCJleHAiOjE3ODg4MjM3MDd9._0l4XOpsS6QXqm1a3JyB7gXeLgfjbfms5iTT-69IAVU', 'user': {'id': '674f4bcb-270d-4340-a601-05c89fba5a59', 'email': 'test_strong_55b0a1b5@example.com', 'role': 'candidate', 'profile': {'name': ''}}} = json()&#10; +    where json = &lt;Response [200]&gt;.json&#10;  &#10;  - TEST_strong_55b0a1b5@example.com&#10;  ? ^^^^&#10;  + test_strong_55b0a1b5@example.com&#10;  ? ^^^^)">backend/tests/test_vagasplus.py:64: in test_register_strong_and_login
    assert "token" in r.json() and r.json()["user"]["email"] == email
E   AssertionError: assert ('token' in {'token': 'eyJhbGciOiJIUzI1NiIsInR5cCI6IkpXVCJ9.eyJzdWIiOiI2NzRmNGJjYi0yNzBkLTQzNDAtYTYwMS0wNWM4OWZiYTVhNTkiLCJyb2xlIjoiY2FuZGlkYXRlIiwiaWF0IjoxNzg4MjE4OTA3LCJleHAiOjE3ODg4MjM3MDd9._0l4XOpsS6QXqm1a3JyB7gXeLgfjbfms5iTT-69IAVU', 'user': {'id': '674f4bcb-270d-4340-a601-05c89fba5a59', 'email': 'test_strong_55b0a1b5@example.com', 'role': 'candidate', 'profile': {'name': ''}}} and 'test_strong_...5@example.com' == 'TEST_strong_...5@example.com'
E    +  where {'token': 'eyJhbGciOiJIUzI1NiIsInR5cCI6IkpXVCJ9.eyJzdWIiOiI2NzRmNGJjYi0yNzBkLTQzNDAtYTYwMS0wNWM4OWZiYTVhNTkiLCJyb2xlIjoiY2FuZGlkYXRlIiwiaWF0IjoxNzg4MjE4OTA3LCJleHAiOjE3ODg4MjM3MDd9._0l4XOpsS6QXqm1a3JyB7gXeLgfjbfms5iTT-69IAVU', 'user': {'id': '674f4bcb-270d-4340-a601-05c89fba5a59', 'email': 'test_strong_55b0a1b5@example.com', 'role': 'candidate', 'profile': {'name': ''}}} = json()
E    +    where json = &lt;Response [200]&gt;.json
E     
E     - TEST_strong_55b0a1b5@example.com
E     ? ^^^^
E     + test_strong_55b0a1b5@example.com
E     ? ^^^^)</failure></testcase><testcase classname="tests.test_vagasplus.TestRBAC" name="test_candidate_cannot_create_job" time="2.196" /><testcase classname="tests.test_vagasplus.TestRBAC" name="test_candidate_cannot_access_dashboard" time="0.072" /><testcase classname="tests.test_vagasplus.TestAuth" name="test_google_session_invalid" time="0.402" /><testcase classname="tests.test_vagasplus.TestRBAC" name="test_recruiter_cannot_update_candidate_profile" time="0.382" /><testcase classname="tests.test_vagasplus.TestJobs" name="test_create_job_and_get_with_match" time="0.549" /><testcase classname="tests.test_vagasplus.TestJobs" name="test_list_jobs_candidate_has_match" time="0.077" /><testcase classname="tests.test_vagasplus.TestApplicationAndNotifications" name="test_application_created" time="0.070" /><testcase classname="tests.test_vagasplus.TestApplicationAndNotifications" name="test_recruiter_gets_notification" time="0.103" /><testcase classname="tests.test_vagasplus.TestVideo" name="test_join_correct_code_authorized" time="0.898" /><testcase classname="tests.test_vagasplus.TestChat" name="test_participants_can_message" time="0.163" /><testcase classname="tests.test_vagasplus.TestVideo" name="test_join_wrong_code" time="0.065" /><testcase classname="tests.test_vagasplus.TestVideo" name="test_third_party_forbidden" time="0.616" /><testcase classname="tests.test_vagasplus.TestChat" name="test_third_party_blocked" time="0.564" /><testcase classname="tests.test_vagasplus.TestDashboard" name="test_recruiter_dashboard" time="0.072" /><testcase classname="tests.test_vagasplus.TestPipeline" name="test_stage_update_notifies_candidate" time="0.132" /><testcase classname="tests.test_vagasplus.TestAIResume" name="test_generate_resume" time="2.797" /><testcase classname="tests.test_vagasplus.TestLGPD" name="test_consent_and_export" time="0.606" /></testsuite></testsuites>